Build started 04/07/2011 17:10:40.
     1>Project "D:\Projetos\SudaRA-0.3.5_VC10\examples\VrmlSample\VrmlSample.vcxproj" on node 2 (rebuild target(s)).
     1>_PrepareForClean:
         Deleting file "Debug\VrmlSample.lastbuildstate".
       InitializeBuildStatus:
         Creating "Debug\VrmlSample.unsuccessfulbuild" because "AlwaysCreate" was specified.
       ClCompile:
         d:\Arquivos de Programas\Visual Studio 2010\VC\bin\CL.exe /c /I../../include /ZI /nologo /W3 /WX- /Od /Oy- /D ENABLE_VRML /D _MBCS /D _AFXDLL /Gm /EHsc /RTC1 /MDd /GS /fp:precise /Zc:wchar_t /Zc:forScope /Fo"Debug\\" /Fd"D:\Projetos\SudaRA-0.3.5_VC10\bin\VrmlSample.pdb" /Gd /TP /analyze- /errorReport:prompt main.cpp
         main.cpp
     1>c:\program files\microsoft sdks\windows\v7.0a\include\winsock.h(304): warning C4005: 'INADDR_ANY' : macro redefinition
                 d:\projetos\sudara-0.3.5_vc10\include\sdl\sdl_net.h(85) : see previous definition of 'INADDR_ANY'
     1>c:\program files\microsoft sdks\windows\v7.0a\include\winsock.h(306): warning C4005: 'INADDR_BROADCAST' : macro redefinition
                 d:\projetos\sudara-0.3.5_vc10\include\sdl\sdl_net.h(91) : see previous definition of 'INADDR_BROADCAST'
     1>c:\program files\microsoft sdks\windows\v7.0a\include\winsock.h(307): warning C4005: 'INADDR_NONE' : macro redefinition
                 d:\projetos\sudara-0.3.5_vc10\include\sdl\sdl_net.h(88) : see previous definition of 'INADDR_NONE'
     1>d:\projetos\sudara-0.3.5_vc10\examples\vrmlsample\main.cpp(18): warning C4005: 'PI' : macro redefinition
                 d:\projetos\sudara-0.3.5_vc10\include\util\quaternion.h(35) : see previous definition of 'PI'
     1>d:\projetos\sudara-0.3.5_vc10\examples\vrmlsample\main.cpp(221): warning C4244: 'argument' : conversion from 'int' to 'float', possible loss of data
     1>d:\projetos\sudara-0.3.5_vc10\examples\vrmlsample\main.cpp(228): warning C4244: 'argument' : conversion from 'int' to 'float', possible loss of data
     1>d:\projetos\sudara-0.3.5_vc10\examples\vrmlsample\main.cpp(238): warning C4305: '*=' : truncation from 'double' to 'float'
     1>d:\projetos\sudara-0.3.5_vc10\examples\vrmlsample\main.cpp(241): warning C4244: '=' : conversion from 'double' to 'float', possible loss of data
       Link:
         d:\Arquivos de Programas\Visual Studio 2010\VC\bin\link.exe /ERRORREPORT:PROMPT /OUT:"../../bin\VrmlSample.exe" /NOLOGO /LIBPATH:../../lib SudaRA_d.lib VRMLModel_d.lib opencv_core220.lib opencv_highgui220.lib opencv_imgproc220.lib /NODEFAULTLIB:LIBCMT.lib /NODEFAULTLIB:msvcrt.lib /MANIFEST /ManifestFile:"Debug\VrmlSample.exe.intermediate.manifest" /MANIFESTUAC:"level='asInvoker' uiAccess='false'" /DEBUG /PDB:"D:\Projetos\SudaRA-0.3.5_VC10\bin\VrmlSample.pdb" /SUBSYSTEM:CONSOLE /TLBID:1 /DYNAMICBASE /NXCOMPAT /IMPLIB:"../../bin\VrmlSample.lib" /MACHINE:X86 Debug\main.obj
     1>SudaRA_d.lib(arMultiGetTransMat.obj) : warning LNK4099: PDB 'vc100.pdb' was not found with 'SudaRA_d.lib(arMultiGetTransMat.obj)' or at 'D:\Projetos\SudaRA-0.3.5_VC10\bin\vc100.pdb'; linking object as if no debug info
     1>SudaRA_d.lib(vTridiag.obj) : warning LNK4099: PDB 'vc100.pdb' was not found with 'SudaRA_d.lib(vTridiag.obj)' or at 'D:\Projetos\SudaRA-0.3.5_VC10\bin\vc100.pdb'; linking object as if no debug info
     1>SudaRA_d.lib(vInnerP.obj) : warning LNK4099: PDB 'vc100.pdb' was not found with 'SudaRA_d.lib(vInnerP.obj)' or at 'D:\Projetos\SudaRA-0.3.5_VC10\bin\vc100.pdb'; linking object as if no debug info
     1>SudaRA_d.lib(vHouse.obj) : warning LNK4099: PDB 'vc100.pdb' was not found with 'SudaRA_d.lib(vHouse.obj)' or at 'D:\Projetos\SudaRA-0.3.5_VC10\bin\vc100.pdb'; linking object as if no debug info
     1>SudaRA_d.lib(vFree.obj) : warning LNK4099: PDB 'vc100.pdb' was not found with 'SudaRA_d.lib(vFree.obj)' or at 'D:\Projetos\SudaRA-0.3.5_VC10\bin\vc100.pdb'; linking object as if no debug info
     1>SudaRA_d.lib(vAlloc.obj) : warning LNK4099: PDB 'vc100.pdb' was not found with 'SudaRA_d.lib(vAlloc.obj)' or at 'D:\Projetos\SudaRA-0.3.5_VC10\bin\vc100.pdb'; linking object as if no debug info
     1>SudaRA_d.lib(paramFile.obj) : warning LNK4099: PDB 'vc100.pdb' was not found with 'SudaRA_d.lib(paramFile.obj)' or at 'D:\Projetos\SudaRA-0.3.5_VC10\bin\vc100.pdb'; linking object as if no debug info
     1>SudaRA_d.lib(paramDistortion.obj) : warning LNK4099: PDB 'vc100.pdb' was not found with 'SudaRA_d.lib(paramDistortion.obj)' or at 'D:\Projetos\SudaRA-0.3.5_VC10\bin\vc100.pdb'; linking object as if no debug info
     1>SudaRA_d.lib(paramDecomp.obj) : warning LNK4099: PDB 'vc100.pdb' was not found with 'SudaRA_d.lib(paramDecomp.obj)' or at 'D:\Projetos\SudaRA-0.3.5_VC10\bin\vc100.pdb'; linking object as if no debug info
     1>SudaRA_d.lib(paramChangeSize.obj) : warning LNK4099: PDB 'vc100.pdb' was not found with 'SudaRA_d.lib(paramChangeSize.obj)' or at 'D:\Projetos\SudaRA-0.3.5_VC10\bin\vc100.pdb'; linking object as if no debug info
     1>SudaRA_d.lib(mSelfInv.obj) : warning LNK4099: PDB 'vc100.pdb' was not found with 'SudaRA_d.lib(mSelfInv.obj)' or at 'D:\Projetos\SudaRA-0.3.5_VC10\bin\vc100.pdb'; linking object as if no debug info
     1>SudaRA_d.lib(mPCA.obj) : warning LNK4099: PDB 'vc100.pdb' was not found with 'SudaRA_d.lib(mPCA.obj)' or at 'D:\Projetos\SudaRA-0.3.5_VC10\bin\vc100.pdb'; linking object as if no debug info
     1>SudaRA_d.lib(mMul.obj) : warning LNK4099: PDB 'vc100.pdb' was not found with 'SudaRA_d.lib(mMul.obj)' or at 'D:\Projetos\SudaRA-0.3.5_VC10\bin\vc100.pdb'; linking object as if no debug info
     1>SudaRA_d.lib(mFree.obj) : warning LNK4099: PDB 'vc100.pdb' was not found with 'SudaRA_d.lib(mFree.obj)' or at 'D:\Projetos\SudaRA-0.3.5_VC10\bin\vc100.pdb'; linking object as if no debug info
     1>SudaRA_d.lib(mDup.obj) : warning LNK4099: PDB 'vc100.pdb' was not found with 'SudaRA_d.lib(mDup.obj)' or at 'D:\Projetos\SudaRA-0.3.5_VC10\bin\vc100.pdb'; linking object as if no debug info
     1>SudaRA_d.lib(mAllocMul.obj) : warning LNK4099: PDB 'vc100.pdb' was not found with 'SudaRA_d.lib(mAllocMul.obj)' or at 'D:\Projetos\SudaRA-0.3.5_VC10\bin\vc100.pdb'; linking object as if no debug info
     1>SudaRA_d.lib(mAllocDup.obj) : warning LNK4099: PDB 'vc100.pdb' was not found with 'SudaRA_d.lib(mAllocDup.obj)' or at 'D:\Projetos\SudaRA-0.3.5_VC10\bin\vc100.pdb'; linking object as if no debug info
     1>SudaRA_d.lib(mAlloc.obj) : warning LNK4099: PDB 'vc100.pdb' was not found with 'SudaRA_d.lib(mAlloc.obj)' or at 'D:\Projetos\SudaRA-0.3.5_VC10\bin\vc100.pdb'; linking object as if no debug info
     1>SudaRA_d.lib(arUtil.obj) : warning LNK4099: PDB 'vc100.pdb' was not found with 'SudaRA_d.lib(arUtil.obj)' or at 'D:\Projetos\SudaRA-0.3.5_VC10\bin\vc100.pdb'; linking object as if no debug info
     1>SudaRA_d.lib(arLabeling.obj) : warning LNK4099: PDB 'vc100.pdb' was not found with 'SudaRA_d.lib(arLabeling.obj)' or at 'D:\Projetos\SudaRA-0.3.5_VC10\bin\vc100.pdb'; linking object as if no debug info
     1>SudaRA_d.lib(arGetTransMatCont.obj) : warning LNK4099: PDB 'vc100.pdb' was not found with 'SudaRA_d.lib(arGetTransMatCont.obj)' or at 'D:\Projetos\SudaRA-0.3.5_VC10\bin\vc100.pdb'; linking object as if no debug info
     1>SudaRA_d.lib(arGetTransMat3.obj) : warning LNK4099: PDB 'vc100.pdb' was not found with 'SudaRA_d.lib(arGetTransMat3.obj)' or at 'D:\Projetos\SudaRA-0.3.5_VC10\bin\vc100.pdb'; linking object as if no debug info
     1>SudaRA_d.lib(arGetTransMat2.obj) : warning LNK4099: PDB 'vc100.pdb' was not found with 'SudaRA_d.lib(arGetTransMat2.obj)' or at 'D:\Projetos\SudaRA-0.3.5_VC10\bin\vc100.pdb'; linking object as if no debug info
     1>SudaRA_d.lib(arGetTransMat.obj) : warning LNK4099: PDB 'vc100.pdb' was not found with 'SudaRA_d.lib(arGetTransMat.obj)' or at 'D:\Projetos\SudaRA-0.3.5_VC10\bin\vc100.pdb'; linking object as if no debug info
     1>SudaRA_d.lib(arGetMarkerInfo.obj) : warning LNK4099: PDB 'vc100.pdb' was not found with 'SudaRA_d.lib(arGetMarkerInfo.obj)' or at 'D:\Projetos\SudaRA-0.3.5_VC10\bin\vc100.pdb'; linking object as if no debug info
     1>SudaRA_d.lib(arGetCode.obj) : warning LNK4099: PDB 'vc100.pdb' was not found with 'SudaRA_d.lib(arGetCode.obj)' or at 'D:\Projetos\SudaRA-0.3.5_VC10\bin\vc100.pdb'; linking object as if no debug info
     1>SudaRA_d.lib(arDetectMarker2.obj) : warning LNK4099: PDB 'vc100.pdb' was not found with 'SudaRA_d.lib(arDetectMarker2.obj)' or at 'D:\Projetos\SudaRA-0.3.5_VC10\bin\vc100.pdb'; linking object as if no debug info
     1>SudaRA_d.lib(arDetectMarker.obj) : warning LNK4099: PDB 'vc100.pdb' was not found with 'SudaRA_d.lib(arDetectMarker.obj)' or at 'D:\Projetos\SudaRA-0.3.5_VC10\bin\vc100.pdb'; linking object as if no debug info
         VrmlSample.vcxproj -> D:\Projetos\SudaRA-0.3.5_VC10\examples\VrmlSample\../../bin\VrmlSample.exe
       Manifest:
         C:\Program Files\Microsoft SDKs\Windows\v7.0A\bin\mt.exe /nologo /verbose /outputresource:"../../bin\VrmlSample.exe;#1" /manifest Debug\VrmlSample.exe.intermediate.manifest "d:\Arquivos de Programas\Visual Studio 2010\VC\Include\Manifest\dpiaware.manifest"
       FinalizeBuildStatus:
         Deleting file "Debug\VrmlSample.unsuccessfulbuild".
         Touching "Debug\VrmlSample.lastbuildstate".
     1>Done Building Project "D:\Projetos\SudaRA-0.3.5_VC10\examples\VrmlSample\VrmlSample.vcxproj" (rebuild target(s)).

Build succeeded.

Time Elapsed 00:00:11.74
